<?xml version="1.0" encoding="UTF-8"?>
<!-- Generated by org.testng.reporters.JUnitReportReporter -->
<testsuite hostname="Aparnas-MBP" failures="0" tests="1" name="Tests_DELETE" time="2.056" errors="0" timestamp="2021-02-19T10:18:53 PST" skipped="0">
  <testcase classname="Tests_DELETE" name="test_1_delete" time="2.056"/>
  <system-out/>
</testsuite> <!-- Tests_DELETE -->
