<?xml version="1.0" encoding="UTF-8"?>
<!-- Generated by org.testng.reporters.JUnitReportReporter -->
<testsuite hostname="Aparnas-MBP" failures="0" tests="1" name="Tests_PATCH" time="2.310" errors="0" timestamp="2021-02-19T10:10:33 PST" skipped="0">
  <testcase classname="Tests_PATCH" name="test_1_patch" time="2.310"/>
  <system-out/>
</testsuite> <!-- Tests_PATCH -->
