<?xml version="1.0" encoding="UTF-8"?>
<!-- Generated by org.testng.reporters.JUnitReportReporter -->
<testsuite hostname="Aparnas-MBP" failures="0" tests="1" name="Tests_POST" time="2.083" errors="0" timestamp="2021-02-18T23:20:52 PST" skipped="0">
  <testcase classname="Tests_POST" name="test_1_post" time="2.083"/>
  <system-out/>
</testsuite> <!-- Tests_POST -->
