<?xml version="1.0" encoding="UTF-8"?>
<!-- Generated by org.testng.reporters.JUnitReportReporter -->
<testsuite hostname="Aparnas-MBP" failures="0" tests="2" name="TC01_GET" time="2.732" errors="0" timestamp="2021-02-17T23:03:10 PST" skipped="0">
  <testcase classname="TC01_GET" name="test_01" time="1.980"/>
  <system-out/>
  <testcase classname="TC01_GET" name="test_02" time="0.752"/>
  <system-out/>
</testsuite> <!-- TC01_GET -->
