<?xml version="1.0" encoding="UTF-8"?>
<!-- Generated by org.testng.reporters.JUnitReportReporter -->
<testsuite hostname="Aparnas-MBP" failures="0" tests="1" name="Tests_PUT" time="2.398" errors="0" timestamp="2021-02-19T10:02:08 PST" skipped="0">
  <testcase classname="Tests_PUT" name="test_1_put" time="2.398"/>
  <system-out/>
</testsuite> <!-- Tests_PUT -->
